<?xml version="1.0" encoding="UTF-8"?>
<!-- Generated by org.testng.reporters.JUnitReportReporter -->
<testsuite hostname="DESKTOP-Q8JM7NH" name="ThirdPackage.FirstClassInThirdPackage" tests="2" failures="0" timestamp="22 Jun 2018 05:12:58 GMT" time="0.015" errors="0">
  <testcase name="SecondMethodThirdClassThirdPackage" time="0.005" classname="ThirdPackage.FirstClassInThirdPackage"/>
  <testcase name="firstMethodThirdClassThirdPackage" time="0.010" classname="ThirdPackage.FirstClassInThirdPackage"/>
</testsuite> <!-- ThirdPackage.FirstClassInThirdPackage -->
