<?xml version="1.0" encoding="UTF-8"?>
<!-- Generated by org.testng.reporters.JUnitReportReporter -->
<testsuite hostname="DESKTOP-Q8JM7NH" name="SecondPackage.FirstClassInSecondPackage" tests="2" failures="0" timestamp="22 Jun 2018 05:12:58 GMT" time="0.002" errors="0">
  <testcase name="SecondMethodSecondClassSecondPackage" time="0.001" classname="SecondPackage.FirstClassInSecondPackage"/>
  <testcase name="firstMethodSecondClassSecondPackage" time="0.001" classname="SecondPackage.FirstClassInSecondPackage"/>
</testsuite> <!-- SecondPackage.FirstClassInSecondPackage -->
